<?xml version="1.0" encoding="UTF-8"?>
<testsuite name="APIAutomationRestAssured5X"
           tests="4"
           failures="0"
           errors="0"
           skipped="0"
           time="0.011">
    <properties></properties>



            <testcase
                name="login"
                time="0.001"
                classname="org.example.testng.Test013">
            </testcase>
            <testcase
                name="login"
                time="0.001"
                classname="org.example.testng.Test013">
            </testcase>
            <testcase
                name="login"
                time="0.001"
                classname="org.example.testng.Test013">
            </testcase>
            <testcase
                name="login"
                time="0.008"
                classname="org.example.testng.Test013">
            </testcase>
</testsuite>
